2019-04-27 18:53:28,477  INFO [main] WebEventListener:16 - Before navigating to: 'https://www.makemytrip.com'
2019-04-27 18:53:31,304  INFO [main] WebEventListener:20 - Navigated to:'https://www.makemytrip.com'
2019-04-27 18:53:31,504  INFO [main] HomePage:66 - Trying to find Element By : By.linkText: Flights
2019-04-27 18:53:31,560  INFO [main] HomePage:70 - Found Element By : By.linkText: Flights
2019-04-27 18:53:31,568  INFO [main] HomePage:33 - Trying to click on: [[ChromeDriver: chrome on XP (892ec000affa2b8558693365161edec4)] -> link text: Flights]
2019-04-27 18:53:32,015  INFO [main] HomePage:37 - Clicked on: [[ChromeDriver: chrome on XP (892ec000affa2b8558693365161edec4)] -> link text: Flights]
2019-04-27 18:53:32,017  INFO [main] HomePage:66 - Trying to find Element By : By.xpath: //li[contains(text(),'Round Trip')]
2019-04-27 18:53:32,381  INFO [main] HomePage:70 - Found Element By : By.xpath: //li[contains(text(),'Round Trip')]
2019-04-27 18:53:32,382  INFO [main] HomePage:33 - Trying to click on: [[ChromeDriver: chrome on XP (892ec000affa2b8558693365161edec4)] -> xpath: //li[contains(text(),'Round Trip')]]
2019-04-27 18:53:32,525  INFO [main] HomePage:37 - Clicked on: [[ChromeDriver: chrome on XP (892ec000affa2b8558693365161edec4)] -> xpath: //li[contains(text(),'Round Trip')]]
2019-04-27 18:53:32,525  INFO [main] HomePage:66 - Trying to find Element By : By.xpath: //span[contains(text(),'From')]
2019-04-27 18:53:32,550  INFO [main] HomePage:70 - Found Element By : By.xpath: //span[contains(text(),'From')]
2019-04-27 18:53:32,550  INFO [main] HomePage:33 - Trying to click on: [[ChromeDriver: chrome on XP (892ec000affa2b8558693365161edec4)] -> xpath: //span[contains(text(),'From')]]
2019-04-27 18:53:32,709  INFO [main] HomePage:37 - Clicked on: [[ChromeDriver: chrome on XP (892ec000affa2b8558693365161edec4)] -> xpath: //span[contains(text(),'From')]]
2019-04-27 18:53:32,710  INFO [main] HomePage:66 - Trying to find Element By : By.xpath: //div[@class='calc60']/p[contains(text(),'Delhi, India')]
2019-04-27 18:53:32,742  INFO [main] HomePage:70 - Found Element By : By.xpath: //div[@class='calc60']/p[contains(text(),'Delhi, India')]
2019-04-27 18:53:32,744  INFO [main] HomePage:33 - Trying to click on: [[ChromeDriver: chrome on XP (892ec000affa2b8558693365161edec4)] -> xpath: //div[@class='calc60']/p[contains(text(),'Delhi, India')]]
2019-04-27 18:53:32,943  INFO [main] HomePage:37 - Clicked on: [[ChromeDriver: chrome on XP (892ec000affa2b8558693365161edec4)] -> xpath: //div[@class='calc60']/p[contains(text(),'Delhi, India')]]
2019-04-27 18:53:32,943  INFO [main] HomePage:66 - Trying to find Element By : By.xpath: //div[@class='calc60']/p[contains(text(),'Bangalore, India')]
2019-04-27 18:53:32,974  INFO [main] HomePage:70 - Found Element By : By.xpath: //div[@class='calc60']/p[contains(text(),'Bangalore, India')]
2019-04-27 18:53:32,974  INFO [main] HomePage:33 - Trying to click on: [[ChromeDriver: chrome on XP (892ec000affa2b8558693365161edec4)] -> xpath: //div[@class='calc60']/p[contains(text(),'Bangalore, India')]]
2019-04-27 18:53:33,176  INFO [main] HomePage:37 - Clicked on: [[ChromeDriver: chrome on XP (892ec000affa2b8558693365161edec4)] -> xpath: //div[@class='calc60']/p[contains(text(),'Bangalore, India')]]
2019-04-27 18:53:33,177  INFO [main] HomePage:66 - Trying to find Element By : By.xpath: //div[@class='DayPicker-Day DayPicker-Day--start DayPicker-Day--selected']//preceding::div[1]
2019-04-27 18:53:33,212  INFO [main] HomePage:70 - Found Element By : By.xpath: //div[@class='DayPicker-Day DayPicker-Day--start DayPicker-Day--selected']//preceding::div[1]
2019-04-27 18:53:33,212  INFO [main] HomePage:33 - Trying to click on: [[ChromeDriver: chrome on XP (892ec000affa2b8558693365161edec4)] -> xpath: //div[@class='DayPicker-Day DayPicker-Day--start DayPicker-Day--selected']//preceding::div[1]]
2019-04-27 18:53:34,448  INFO [main] HomePage:37 - Clicked on: [[ChromeDriver: chrome on XP (892ec000affa2b8558693365161edec4)] -> xpath: //div[@class='DayPicker-Day DayPicker-Day--start DayPicker-Day--selected']//preceding::div[1]]
2019-04-27 18:53:34,475  INFO [main] HomePage:66 - Trying to find Element By : By.xpath: //div[@class='DayPicker-Day']
2019-04-27 18:53:34,542  INFO [main] HomePage:70 - Found Element By : By.xpath: //div[@class='DayPicker-Day']
2019-04-27 18:53:34,873  INFO [main] HomePage:33 - Trying to click on: [[ChromeDriver: chrome on XP (892ec000affa2b8558693365161edec4)] -> xpath: //div[@class='DayPicker-Day']]
2019-04-27 18:53:35,189  INFO [main] HomePage:37 - Clicked on: [[ChromeDriver: chrome on XP (892ec000affa2b8558693365161edec4)] -> xpath: //div[@class='DayPicker-Day']]
2019-04-27 18:53:35,190  INFO [main] HomePage:66 - Trying to find Element By : By.xpath: //a[contains(text(),'Search')]
2019-04-27 18:53:35,245  INFO [main] HomePage:70 - Found Element By : By.xpath: //a[contains(text(),'Search')]
2019-04-27 18:53:35,246  INFO [main] HomePage:33 - Trying to click on: [[ChromeDriver: chrome on XP (892ec000affa2b8558693365161edec4)] -> xpath: //a[contains(text(),'Search')]]
2019-04-27 18:53:39,668  INFO [main] HomePage:37 - Clicked on: [[ChromeDriver: chrome on XP (892ec000affa2b8558693365161edec4)] -> xpath: //a[contains(text(),'Search')]]
2019-04-27 18:53:39,705  INFO [main] MakeMyTripPage:22 - <----getDepartureAndReturnFlightRecordTest  is Started---->
2019-04-27 18:54:05,112  INFO [main] MakeMyTripPage:66 - Trying to find Element By : By.xpath: //div[@class='fli-list splitVw-listing']/input[@name='splitowJourney']
2019-04-27 18:54:05,159  INFO [main] MakeMyTripPage:70 - Found Element By : By.xpath: //div[@class='fli-list splitVw-listing']/input[@name='splitowJourney']
2019-04-27 18:54:30,501  INFO [main] MakeMyTripPage:66 - Trying to find Element By : By.xpath: //div[@class='splitVw-sctn pull-right']//div[@class='fli-list splitVw-listing']
2019-04-27 18:54:30,563  INFO [main] MakeMyTripPage:70 - Found Element By : By.xpath: //div[@class='splitVw-sctn pull-right']//div[@class='fli-list splitVw-listing']
2019-04-27 18:54:30,583  INFO [main] MakeMyTripPage:28 - <----getDepartureAndReturnFlightRecordTest  was Passed---->
2019-04-27 18:54:34,521  INFO [main] WebEventListener:16 - Before navigating to: 'https://www.makemytrip.com'
2019-04-27 18:54:37,422  INFO [main] WebEventListener:20 - Navigated to:'https://www.makemytrip.com'
2019-04-27 18:54:37,442  INFO [main] HomePage:66 - Trying to find Element By : By.linkText: Flights
2019-04-27 18:54:37,464  INFO [main] HomePage:70 - Found Element By : By.linkText: Flights
2019-04-27 18:54:37,465  INFO [main] HomePage:33 - Trying to click on: [[ChromeDriver: chrome on XP (d33f0ef7a6842ceafeb761e6cd7dac56)] -> link text: Flights]
2019-04-27 18:54:37,881  INFO [main] HomePage:37 - Clicked on: [[ChromeDriver: chrome on XP (d33f0ef7a6842ceafeb761e6cd7dac56)] -> link text: Flights]
2019-04-27 18:54:37,881  INFO [main] HomePage:66 - Trying to find Element By : By.xpath: //li[contains(text(),'Round Trip')]
2019-04-27 18:54:37,945  INFO [main] HomePage:70 - Found Element By : By.xpath: //li[contains(text(),'Round Trip')]
2019-04-27 18:54:37,946  INFO [main] HomePage:33 - Trying to click on: [[ChromeDriver: chrome on XP (d33f0ef7a6842ceafeb761e6cd7dac56)] -> xpath: //li[contains(text(),'Round Trip')]]
2019-04-27 18:54:38,302  INFO [main] HomePage:37 - Clicked on: [[ChromeDriver: chrome on XP (d33f0ef7a6842ceafeb761e6cd7dac56)] -> xpath: //li[contains(text(),'Round Trip')]]
2019-04-27 18:54:38,303  INFO [main] HomePage:66 - Trying to find Element By : By.xpath: //span[contains(text(),'From')]
2019-04-27 18:54:38,325  INFO [main] HomePage:70 - Found Element By : By.xpath: //span[contains(text(),'From')]
2019-04-27 18:54:38,326  INFO [main] HomePage:33 - Trying to click on: [[ChromeDriver: chrome on XP (d33f0ef7a6842ceafeb761e6cd7dac56)] -> xpath: //span[contains(text(),'From')]]
2019-04-27 18:54:38,459  INFO [main] HomePage:37 - Clicked on: [[ChromeDriver: chrome on XP (d33f0ef7a6842ceafeb761e6cd7dac56)] -> xpath: //span[contains(text(),'From')]]
2019-04-27 18:54:38,459  INFO [main] HomePage:66 - Trying to find Element By : By.xpath: //div[@class='calc60']/p[contains(text(),'Delhi, India')]
2019-04-27 18:54:38,482  INFO [main] HomePage:70 - Found Element By : By.xpath: //div[@class='calc60']/p[contains(text(),'Delhi, India')]
2019-04-27 18:54:38,483  INFO [main] HomePage:33 - Trying to click on: [[ChromeDriver: chrome on XP (d33f0ef7a6842ceafeb761e6cd7dac56)] -> xpath: //div[@class='calc60']/p[contains(text(),'Delhi, India')]]
2019-04-27 18:54:38,640  INFO [main] HomePage:37 - Clicked on: [[ChromeDriver: chrome on XP (d33f0ef7a6842ceafeb761e6cd7dac56)] -> xpath: //div[@class='calc60']/p[contains(text(),'Delhi, India')]]
2019-04-27 18:54:38,640  INFO [main] HomePage:66 - Trying to find Element By : By.xpath: //div[@class='calc60']/p[contains(text(),'Bangalore, India')]
2019-04-27 18:54:38,683  INFO [main] HomePage:70 - Found Element By : By.xpath: //div[@class='calc60']/p[contains(text(),'Bangalore, India')]
2019-04-27 18:54:38,683  INFO [main] HomePage:33 - Trying to click on: [[ChromeDriver: chrome on XP (d33f0ef7a6842ceafeb761e6cd7dac56)] -> xpath: //div[@class='calc60']/p[contains(text(),'Bangalore, India')]]
2019-04-27 18:54:38,924  INFO [main] HomePage:37 - Clicked on: [[ChromeDriver: chrome on XP (d33f0ef7a6842ceafeb761e6cd7dac56)] -> xpath: //div[@class='calc60']/p[contains(text(),'Bangalore, India')]]
2019-04-27 18:54:38,925  INFO [main] HomePage:66 - Trying to find Element By : By.xpath: //div[@class='DayPicker-Day DayPicker-Day--start DayPicker-Day--selected']//preceding::div[1]
2019-04-27 18:54:39,996  INFO [main] HomePage:70 - Found Element By : By.xpath: //div[@class='DayPicker-Day DayPicker-Day--start DayPicker-Day--selected']//preceding::div[1]
2019-04-27 18:54:39,997  INFO [main] HomePage:33 - Trying to click on: [[ChromeDriver: chrome on XP (d33f0ef7a6842ceafeb761e6cd7dac56)] -> xpath: //div[@class='DayPicker-Day DayPicker-Day--start DayPicker-Day--selected']//preceding::div[1]]
2019-04-27 18:54:40,120  INFO [main] HomePage:37 - Clicked on: [[ChromeDriver: chrome on XP (d33f0ef7a6842ceafeb761e6cd7dac56)] -> xpath: //div[@class='DayPicker-Day DayPicker-Day--start DayPicker-Day--selected']//preceding::div[1]]
2019-04-27 18:54:40,121  INFO [main] HomePage:66 - Trying to find Element By : By.xpath: //div[@class='DayPicker-Day']
2019-04-27 18:54:40,165  INFO [main] HomePage:70 - Found Element By : By.xpath: //div[@class='DayPicker-Day']
2019-04-27 18:54:40,367  INFO [main] HomePage:33 - Trying to click on: [[ChromeDriver: chrome on XP (d33f0ef7a6842ceafeb761e6cd7dac56)] -> xpath: //div[@class='DayPicker-Day']]
2019-04-27 18:54:40,569  INFO [main] HomePage:37 - Clicked on: [[ChromeDriver: chrome on XP (d33f0ef7a6842ceafeb761e6cd7dac56)] -> xpath: //div[@class='DayPicker-Day']]
2019-04-27 18:54:40,570  INFO [main] HomePage:66 - Trying to find Element By : By.xpath: //a[contains(text(),'Search')]
2019-04-27 18:54:40,625  INFO [main] HomePage:70 - Found Element By : By.xpath: //a[contains(text(),'Search')]
2019-04-27 18:54:40,627  INFO [main] HomePage:33 - Trying to click on: [[ChromeDriver: chrome on XP (d33f0ef7a6842ceafeb761e6cd7dac56)] -> xpath: //a[contains(text(),'Search')]]
2019-04-27 18:54:45,422  INFO [main] HomePage:37 - Clicked on: [[ChromeDriver: chrome on XP (d33f0ef7a6842ceafeb761e6cd7dac56)] -> xpath: //a[contains(text(),'Search')]]
2019-04-27 18:54:45,443  INFO [main] MakeMyTripPage:22 - <----getDepAndRetRecordNonStopCheckboxTest  is Started---->
2019-04-27 18:54:45,443  INFO [main] MakeMyTripPage:66 - Trying to find Element By : By.xpath: //label[@for='filter_stop0']/span[contains(text(),'Non Stop')]//preceding::span[1]
2019-04-27 18:54:45,465  INFO [main] MakeMyTripPage:70 - Found Element By : By.xpath: //label[@for='filter_stop0']/span[contains(text(),'Non Stop')]//preceding::span[1]
2019-04-27 18:54:45,465  INFO [main] MakeMyTripPage:33 - Trying to click on: [[ChromeDriver: chrome on XP (d33f0ef7a6842ceafeb761e6cd7dac56)] -> xpath: //label[@for='filter_stop0']/span[contains(text(),'Non Stop')]//preceding::span[1]]
2019-04-27 18:54:45,908  INFO [main] MakeMyTripPage:37 - Clicked on: [[ChromeDriver: chrome on XP (d33f0ef7a6842ceafeb761e6cd7dac56)] -> xpath: //label[@for='filter_stop0']/span[contains(text(),'Non Stop')]//preceding::span[1]]
2019-04-27 18:55:11,313  INFO [main] MakeMyTripPage:66 - Trying to find Element By : By.xpath: //div[@class='fli-list splitVw-listing']/input[@name='splitowJourney']
2019-04-27 18:55:11,360  INFO [main] MakeMyTripPage:70 - Found Element By : By.xpath: //div[@class='fli-list splitVw-listing']/input[@name='splitowJourney']
2019-04-27 18:55:36,470  INFO [main] MakeMyTripPage:66 - Trying to find Element By : By.xpath: //div[@class='splitVw-sctn pull-right']//div[@class='fli-list splitVw-listing']
2019-04-27 18:55:36,532  INFO [main] MakeMyTripPage:70 - Found Element By : By.xpath: //div[@class='splitVw-sctn pull-right']//div[@class='fli-list splitVw-listing']
2019-04-27 18:55:36,532  INFO [main] MakeMyTripPage:28 - <----getDepAndRetRecordNonStopCheckboxTest  was Passed---->
2019-04-27 18:55:40,708  INFO [main] WebEventListener:16 - Before navigating to: 'https://www.makemytrip.com'
2019-04-27 18:55:43,163  INFO [main] WebEventListener:20 - Navigated to:'https://www.makemytrip.com'
2019-04-27 18:55:43,188  INFO [main] HomePage:66 - Trying to find Element By : By.linkText: Flights
2019-04-27 18:55:43,242  INFO [main] HomePage:70 - Found Element By : By.linkText: Flights
2019-04-27 18:55:43,243  INFO [main] HomePage:33 - Trying to click on: [[ChromeDriver: chrome on XP (ac8ed156d0146aa6fea55abfd94a90e2)] -> link text: Flights]
2019-04-27 18:55:43,386  INFO [main] HomePage:37 - Clicked on: [[ChromeDriver: chrome on XP (ac8ed156d0146aa6fea55abfd94a90e2)] -> link text: Flights]
2019-04-27 18:55:43,386  INFO [main] HomePage:66 - Trying to find Element By : By.xpath: //li[contains(text(),'Round Trip')]
2019-04-27 18:55:43,417  INFO [main] HomePage:70 - Found Element By : By.xpath: //li[contains(text(),'Round Trip')]
2019-04-27 18:55:43,418  INFO [main] HomePage:33 - Trying to click on: [[ChromeDriver: chrome on XP (ac8ed156d0146aa6fea55abfd94a90e2)] -> xpath: //li[contains(text(),'Round Trip')]]
2019-04-27 18:55:44,087  INFO [main] HomePage:37 - Clicked on: [[ChromeDriver: chrome on XP (ac8ed156d0146aa6fea55abfd94a90e2)] -> xpath: //li[contains(text(),'Round Trip')]]
2019-04-27 18:55:44,087  INFO [main] HomePage:66 - Trying to find Element By : By.xpath: //span[contains(text(),'From')]
2019-04-27 18:55:44,143  INFO [main] HomePage:70 - Found Element By : By.xpath: //span[contains(text(),'From')]
2019-04-27 18:55:44,143  INFO [main] HomePage:33 - Trying to click on: [[ChromeDriver: chrome on XP (ac8ed156d0146aa6fea55abfd94a90e2)] -> xpath: //span[contains(text(),'From')]]
2019-04-27 18:55:44,243  INFO [main] HomePage:37 - Clicked on: [[ChromeDriver: chrome on XP (ac8ed156d0146aa6fea55abfd94a90e2)] -> xpath: //span[contains(text(),'From')]]
2019-04-27 18:55:44,243  INFO [main] HomePage:66 - Trying to find Element By : By.xpath: //div[@class='calc60']/p[contains(text(),'Delhi, India')]
2019-04-27 18:55:44,267  INFO [main] HomePage:70 - Found Element By : By.xpath: //div[@class='calc60']/p[contains(text(),'Delhi, India')]
2019-04-27 18:55:44,267  INFO [main] HomePage:33 - Trying to click on: [[ChromeDriver: chrome on XP (ac8ed156d0146aa6fea55abfd94a90e2)] -> xpath: //div[@class='calc60']/p[contains(text(),'Delhi, India')]]
2019-04-27 18:55:44,656  INFO [main] HomePage:37 - Clicked on: [[ChromeDriver: chrome on XP (ac8ed156d0146aa6fea55abfd94a90e2)] -> xpath: //div[@class='calc60']/p[contains(text(),'Delhi, India')]]
2019-04-27 18:55:44,656  INFO [main] HomePage:66 - Trying to find Element By : By.xpath: //div[@class='calc60']/p[contains(text(),'Bangalore, India')]
2019-04-27 18:55:44,711  INFO [main] HomePage:70 - Found Element By : By.xpath: //div[@class='calc60']/p[contains(text(),'Bangalore, India')]
2019-04-27 18:55:44,712  INFO [main] HomePage:33 - Trying to click on: [[ChromeDriver: chrome on XP (ac8ed156d0146aa6fea55abfd94a90e2)] -> xpath: //div[@class='calc60']/p[contains(text(),'Bangalore, India')]]
2019-04-27 18:55:44,938  INFO [main] HomePage:37 - Clicked on: [[ChromeDriver: chrome on XP (ac8ed156d0146aa6fea55abfd94a90e2)] -> xpath: //div[@class='calc60']/p[contains(text(),'Bangalore, India')]]
2019-04-27 18:55:44,938  INFO [main] HomePage:66 - Trying to find Element By : By.xpath: //div[@class='DayPicker-Day DayPicker-Day--start DayPicker-Day--selected']//preceding::div[1]
2019-04-27 18:55:44,971  INFO [main] HomePage:70 - Found Element By : By.xpath: //div[@class='DayPicker-Day DayPicker-Day--start DayPicker-Day--selected']//preceding::div[1]
2019-04-27 18:55:44,972  INFO [main] HomePage:33 - Trying to click on: [[ChromeDriver: chrome on XP (ac8ed156d0146aa6fea55abfd94a90e2)] -> xpath: //div[@class='DayPicker-Day DayPicker-Day--start DayPicker-Day--selected']//preceding::div[1]]
2019-04-27 18:55:45,361  INFO [main] HomePage:37 - Clicked on: [[ChromeDriver: chrome on XP (ac8ed156d0146aa6fea55abfd94a90e2)] -> xpath: //div[@class='DayPicker-Day DayPicker-Day--start DayPicker-Day--selected']//preceding::div[1]]
2019-04-27 18:55:45,361  INFO [main] HomePage:66 - Trying to find Element By : By.xpath: //div[@class='DayPicker-Day']
2019-04-27 18:55:45,403  INFO [main] HomePage:70 - Found Element By : By.xpath: //div[@class='DayPicker-Day']
2019-04-27 18:55:45,614  INFO [main] HomePage:33 - Trying to click on: [[ChromeDriver: chrome on XP (ac8ed156d0146aa6fea55abfd94a90e2)] -> xpath: //div[@class='DayPicker-Day']]
2019-04-27 18:55:45,849  INFO [main] HomePage:37 - Clicked on: [[ChromeDriver: chrome on XP (ac8ed156d0146aa6fea55abfd94a90e2)] -> xpath: //div[@class='DayPicker-Day']]
2019-04-27 18:55:45,850  INFO [main] HomePage:66 - Trying to find Element By : By.xpath: //a[contains(text(),'Search')]
2019-04-27 18:55:45,882  INFO [main] HomePage:70 - Found Element By : By.xpath: //a[contains(text(),'Search')]
2019-04-27 18:55:45,882  INFO [main] HomePage:33 - Trying to click on: [[ChromeDriver: chrome on XP (ac8ed156d0146aa6fea55abfd94a90e2)] -> xpath: //a[contains(text(),'Search')]]
2019-04-27 18:55:51,385  INFO [main] HomePage:37 - Clicked on: [[ChromeDriver: chrome on XP (ac8ed156d0146aa6fea55abfd94a90e2)] -> xpath: //a[contains(text(),'Search')]]
2019-04-27 18:55:51,404  INFO [main] MakeMyTripPage:22 - <----getDepAndRetRecordOneStopCheckboxTest  is Started---->
2019-04-27 18:55:51,404  INFO [main] MakeMyTripPage:66 - Trying to find Element By : By.xpath: //label[@for='filter_stop1']/span[contains(text(),'1 Stop')]//preceding::span[1]
2019-04-27 18:55:51,429  INFO [main] MakeMyTripPage:70 - Found Element By : By.xpath: //label[@for='filter_stop1']/span[contains(text(),'1 Stop')]//preceding::span[1]
2019-04-27 18:55:51,430  INFO [main] MakeMyTripPage:33 - Trying to click on: [[ChromeDriver: chrome on XP (ac8ed156d0146aa6fea55abfd94a90e2)] -> xpath: //label[@for='filter_stop1']/span[contains(text(),'1 Stop')]//preceding::span[1]]
2019-04-27 18:55:51,713  INFO [main] MakeMyTripPage:37 - Clicked on: [[ChromeDriver: chrome on XP (ac8ed156d0146aa6fea55abfd94a90e2)] -> xpath: //label[@for='filter_stop1']/span[contains(text(),'1 Stop')]//preceding::span[1]]
2019-04-27 18:56:16,895  INFO [main] MakeMyTripPage:66 - Trying to find Element By : By.xpath: //div[@class='fli-list splitVw-listing']/input[@name='splitowJourney']
2019-04-27 18:56:16,939  INFO [main] MakeMyTripPage:70 - Found Element By : By.xpath: //div[@class='fli-list splitVw-listing']/input[@name='splitowJourney']
2019-04-27 18:56:42,020  INFO [main] MakeMyTripPage:66 - Trying to find Element By : By.xpath: //div[@class='splitVw-sctn pull-right']//div[@class='fli-list splitVw-listing']
2019-04-27 18:56:42,046  INFO [main] MakeMyTripPage:70 - Found Element By : By.xpath: //div[@class='splitVw-sctn pull-right']//div[@class='fli-list splitVw-listing']
2019-04-27 18:56:42,049  INFO [main] MakeMyTripPage:28 - <----getDepAndRetRecordOneStopCheckboxTest  was Passed---->
2019-04-27 18:56:46,247  INFO [main] WebEventListener:16 - Before navigating to: 'https://www.makemytrip.com'
2019-04-27 18:56:48,671  INFO [main] WebEventListener:20 - Navigated to:'https://www.makemytrip.com'
2019-04-27 18:56:48,707  INFO [main] HomePage:66 - Trying to find Element By : By.linkText: Flights
2019-04-27 18:56:48,978  INFO [main] HomePage:70 - Found Element By : By.linkText: Flights
2019-04-27 18:56:48,979  INFO [main] HomePage:33 - Trying to click on: [[ChromeDriver: chrome on XP (b07d671d40fbad10da634e4a0575433e)] -> link text: Flights]
2019-04-27 18:56:49,632  INFO [main] HomePage:37 - Clicked on: [[ChromeDriver: chrome on XP (b07d671d40fbad10da634e4a0575433e)] -> link text: Flights]
2019-04-27 18:56:49,633  INFO [main] HomePage:66 - Trying to find Element By : By.xpath: //li[contains(text(),'Round Trip')]
2019-04-27 18:56:49,887  INFO [main] HomePage:70 - Found Element By : By.xpath: //li[contains(text(),'Round Trip')]
2019-04-27 18:56:49,888  INFO [main] HomePage:33 - Trying to click on: [[ChromeDriver: chrome on XP (b07d671d40fbad10da634e4a0575433e)] -> xpath: //li[contains(text(),'Round Trip')]]
2019-04-27 18:56:50,065  INFO [main] HomePage:37 - Clicked on: [[ChromeDriver: chrome on XP (b07d671d40fbad10da634e4a0575433e)] -> xpath: //li[contains(text(),'Round Trip')]]
2019-04-27 18:56:50,066  INFO [main] HomePage:66 - Trying to find Element By : By.xpath: //span[contains(text(),'From')]
2019-04-27 18:56:50,098  INFO [main] HomePage:70 - Found Element By : By.xpath: //span[contains(text(),'From')]
2019-04-27 18:56:50,099  INFO [main] HomePage:33 - Trying to click on: [[ChromeDriver: chrome on XP (b07d671d40fbad10da634e4a0575433e)] -> xpath: //span[contains(text(),'From')]]
2019-04-27 18:56:50,252  INFO [main] HomePage:37 - Clicked on: [[ChromeDriver: chrome on XP (b07d671d40fbad10da634e4a0575433e)] -> xpath: //span[contains(text(),'From')]]
2019-04-27 18:56:50,253  INFO [main] HomePage:66 - Trying to find Element By : By.xpath: //div[@class='calc60']/p[contains(text(),'Delhi, India')]
2019-04-27 18:56:50,279  INFO [main] HomePage:70 - Found Element By : By.xpath: //div[@class='calc60']/p[contains(text(),'Delhi, India')]
2019-04-27 18:56:50,279  INFO [main] HomePage:33 - Trying to click on: [[ChromeDriver: chrome on XP (b07d671d40fbad10da634e4a0575433e)] -> xpath: //div[@class='calc60']/p[contains(text(),'Delhi, India')]]
2019-04-27 18:56:50,537  INFO [main] HomePage:37 - Clicked on: [[ChromeDriver: chrome on XP (b07d671d40fbad10da634e4a0575433e)] -> xpath: //div[@class='calc60']/p[contains(text(),'Delhi, India')]]
2019-04-27 18:56:50,537  INFO [main] HomePage:66 - Trying to find Element By : By.xpath: //div[@class='calc60']/p[contains(text(),'Bangalore, India')]
2019-04-27 18:56:50,583  INFO [main] HomePage:70 - Found Element By : By.xpath: //div[@class='calc60']/p[contains(text(),'Bangalore, India')]
2019-04-27 18:56:50,584  INFO [main] HomePage:33 - Trying to click on: [[ChromeDriver: chrome on XP (b07d671d40fbad10da634e4a0575433e)] -> xpath: //div[@class='calc60']/p[contains(text(),'Bangalore, India')]]
2019-04-27 18:56:50,849  INFO [main] HomePage:37 - Clicked on: [[ChromeDriver: chrome on XP (b07d671d40fbad10da634e4a0575433e)] -> xpath: //div[@class='calc60']/p[contains(text(),'Bangalore, India')]]
2019-04-27 18:56:50,850  INFO [main] HomePage:66 - Trying to find Element By : By.xpath: //div[@class='DayPicker-Day DayPicker-Day--start DayPicker-Day--selected']//preceding::div[1]
2019-04-27 18:56:50,960  INFO [main] HomePage:70 - Found Element By : By.xpath: //div[@class='DayPicker-Day DayPicker-Day--start DayPicker-Day--selected']//preceding::div[1]
2019-04-27 18:56:50,960  INFO [main] HomePage:33 - Trying to click on: [[ChromeDriver: chrome on XP (b07d671d40fbad10da634e4a0575433e)] -> xpath: //div[@class='DayPicker-Day DayPicker-Day--start DayPicker-Day--selected']//preceding::div[1]]
2019-04-27 18:56:51,664  INFO [main] HomePage:37 - Clicked on: [[ChromeDriver: chrome on XP (b07d671d40fbad10da634e4a0575433e)] -> xpath: //div[@class='DayPicker-Day DayPicker-Day--start DayPicker-Day--selected']//preceding::div[1]]
2019-04-27 18:56:51,664  INFO [main] HomePage:66 - Trying to find Element By : By.xpath: //div[@class='DayPicker-Day']
2019-04-27 18:56:51,696  INFO [main] HomePage:70 - Found Element By : By.xpath: //div[@class='DayPicker-Day']
2019-04-27 18:56:51,895  INFO [main] HomePage:33 - Trying to click on: [[ChromeDriver: chrome on XP (b07d671d40fbad10da634e4a0575433e)] -> xpath: //div[@class='DayPicker-Day']]
2019-04-27 18:56:52,106  INFO [main] HomePage:37 - Clicked on: [[ChromeDriver: chrome on XP (b07d671d40fbad10da634e4a0575433e)] -> xpath: //div[@class='DayPicker-Day']]
2019-04-27 18:56:52,106  INFO [main] HomePage:66 - Trying to find Element By : By.xpath: //a[contains(text(),'Search')]
2019-04-27 18:56:52,142  INFO [main] HomePage:70 - Found Element By : By.xpath: //a[contains(text(),'Search')]
2019-04-27 18:56:52,142  INFO [main] HomePage:33 - Trying to click on: [[ChromeDriver: chrome on XP (b07d671d40fbad10da634e4a0575433e)] -> xpath: //a[contains(text(),'Search')]]
2019-04-27 18:57:01,853  INFO [main] HomePage:37 - Clicked on: [[ChromeDriver: chrome on XP (b07d671d40fbad10da634e4a0575433e)] -> xpath: //a[contains(text(),'Search')]]
2019-04-27 18:57:01,874  INFO [main] MakeMyTripPage:22 - <----verifyDepartureAndReturnPriceTest  is Started---->
2019-04-27 18:57:01,874  INFO [main] MakeMyTripPage:66 - Trying to find Element By : By.xpath: //*[@id="ow_domrt-jrny"]/div[2]/div[5]/label/div[1]/span[1]
2019-04-27 18:57:01,898  INFO [main] MakeMyTripPage:70 - Found Element By : By.xpath: //*[@id="ow_domrt-jrny"]/div[2]/div[5]/label/div[1]/span[1]
2019-04-27 18:57:21,997  INFO [main] MakeMyTripPage:66 - Trying to find Element By : By.xpath: //*[@id="ow_domrt-jrny"]/div[2]/div[5]/label/div[1]/span[1]
2019-04-27 18:57:22,020  INFO [main] MakeMyTripPage:70 - Found Element By : By.xpath: //*[@id="ow_domrt-jrny"]/div[2]/div[5]/label/div[1]/span[1]
2019-04-27 18:57:22,020  INFO [main] MakeMyTripPage:33 - Trying to click on: [[ChromeDriver: chrome on XP (b07d671d40fbad10da634e4a0575433e)] -> xpath: //*[@id="ow_domrt-jrny"]/div[2]/div[5]/label/div[1]/span[1]]
2019-04-27 18:57:22,212  INFO [main] MakeMyTripPage:37 - Clicked on: [[ChromeDriver: chrome on XP (b07d671d40fbad10da634e4a0575433e)] -> xpath: //*[@id="ow_domrt-jrny"]/div[2]/div[5]/label/div[1]/span[1]]
2019-04-27 18:57:22,212  INFO [main] MakeMyTripPage:66 - Trying to find Element By : By.xpath: //*[@id="ow_domrt-jrny"]/div[2]/div[5]/label/div[1]/span[1]
2019-04-27 18:57:22,249  INFO [main] MakeMyTripPage:70 - Found Element By : By.xpath: //*[@id="ow_domrt-jrny"]/div[2]/div[5]/label/div[1]/span[1]
2019-04-27 18:57:27,269  INFO [main] MakeMyTripPage:66 - Trying to find Element By : By.xpath: //*[@id="rt-domrt-jrny"]/div[2]/div[4]/label/div[1]/span[1]
2019-04-27 18:57:27,297  INFO [main] MakeMyTripPage:70 - Found Element By : By.xpath: //*[@id="rt-domrt-jrny"]/div[2]/div[4]/label/div[1]/span[1]
2019-04-27 18:57:27,313  INFO [main] MakeMyTripPage:33 - Trying to click on: [[ChromeDriver: chrome on XP (b07d671d40fbad10da634e4a0575433e)] -> xpath: //*[@id="rt-domrt-jrny"]/div[2]/div[4]/label/div[1]/span[1]]
2019-04-27 18:57:27,452  INFO [main] MakeMyTripPage:37 - Clicked on: [[ChromeDriver: chrome on XP (b07d671d40fbad10da634e4a0575433e)] -> xpath: //*[@id="rt-domrt-jrny"]/div[2]/div[4]/label/div[1]/span[1]]
2019-04-27 18:57:27,453  INFO [main] MakeMyTripPage:66 - Trying to find Element By : By.xpath: //*[@id="ow_domrt-jrny"]/div[2]/div[5]/label/div[2]/div[3]/p/span
2019-04-27 18:57:27,475  INFO [main] MakeMyTripPage:70 - Found Element By : By.xpath: //*[@id="ow_domrt-jrny"]/div[2]/div[5]/label/div[2]/div[3]/p/span
2019-04-27 18:57:27,502  INFO [main] MakeMyTripPage:66 - Trying to find Element By : By.xpath: //*[@id="left-side--wrapper"]/div[2]/div/div[3]/div/div[1]/div/div[1]/div/div[2]/div[4]/p/span
2019-04-27 18:57:27,521  INFO [main] MakeMyTripPage:70 - Found Element By : By.xpath: //*[@id="left-side--wrapper"]/div[2]/div/div[3]/div/div[1]/div/div[1]/div/div[2]/div[4]/p/span
2019-04-27 18:57:27,542  INFO [main] MakeMyTripPage:66 - Trying to find Element By : By.xpath: //*[@id="rt-domrt-jrny"]/div[2]/div[4]/label/div[2]/div[3]/p/span
2019-04-27 18:57:27,561  INFO [main] MakeMyTripPage:70 - Found Element By : By.xpath: //*[@id="rt-domrt-jrny"]/div[2]/div[4]/label/div[2]/div[3]/p/span
2019-04-27 18:57:27,586  INFO [main] MakeMyTripPage:66 - Trying to find Element By : By.xpath: //*[@id="left-side--wrapper"]/div[2]/div/div[3]/div/div[1]/div/div[2]/div/div[2]/div[4]/p/span
2019-04-27 18:57:27,603  INFO [main] MakeMyTripPage:70 - Found Element By : By.xpath: //*[@id="left-side--wrapper"]/div[2]/div/div[3]/div/div[1]/div/div[2]/div/div[2]/div[4]/p/span
2019-04-27 18:57:27,623  INFO [main] MakeMyTripPage:66 - Trying to find Element By : By.xpath: //span[@class='splitVw-total-fare']
2019-04-27 18:57:27,640  INFO [main] MakeMyTripPage:70 - Found Element By : By.xpath: //span[@class='splitVw-total-fare']
2019-04-27 18:57:27,659  INFO [main] MakeMyTripPage:66 - Trying to find Element By : By.xpath: //*[@id="left-side--wrapper"]/div[2]/div/div[3]/div/div[1]/div/div[1]/div/div[2]/div[4]/p/span
2019-04-27 18:57:27,672  INFO [main] MakeMyTripPage:70 - Found Element By : By.xpath: //*[@id="left-side--wrapper"]/div[2]/div/div[3]/div/div[1]/div/div[1]/div/div[2]/div[4]/p/span
2019-04-27 18:57:27,684  INFO [main] MakeMyTripPage:66 - Trying to find Element By : By.xpath: //*[@id="left-side--wrapper"]/div[2]/div/div[3]/div/div[1]/div/div[2]/div/div[2]/div[4]/p/span
2019-04-27 18:57:27,695  INFO [main] MakeMyTripPage:70 - Found Element By : By.xpath: //*[@id="left-side--wrapper"]/div[2]/div/div[3]/div/div[1]/div/div[2]/div/div[2]/div[4]/p/span
2019-04-27 18:57:32,772  INFO [main] MakeMyTripPage:28 - <----verifyDepartureAndReturnPriceTest  was Passed---->
